<?xml version="1.0" encoding="UTF-8"?>
<testng-results ignored="0" total="1" passed="1" failed="0" skipped="0">
  <reporter-output>
  </reporter-output>
  <suite started-at="2023-08-27T15:49:16Z" name="Default suite" finished-at="2023-08-27T15:49:18Z" duration-ms="2444">
    <groups>
    </groups>
    <test started-at="2023-08-27T15:49:16Z" name="Default test" finished-at="2023-08-27T15:49:18Z" duration-ms="2444">
      <class name="demo.POSTrequest">
        <test-method signature="PostTest()[pri:0, instance:demo.POSTrequest@40317ba2]" started-at="2023-08-27T15:49:16Z" name="PostTest" finished-at="2023-08-27T15:49:18Z" duration-ms="2423" status="PASS">
          <reporter-output>
          </reporter-output>
        </test-method> <!-- PostTest -->
      </class> <!-- demo.POSTrequest -->
    </test> <!-- Default test -->
  </suite> <!-- Default suite -->
</testng-results>
